app/build/outputs/logs/manifest-merger-debug-report.txt
-- Merging decision tree log ---
manifest
ADDED from src/main/AndroidManifest.xml:2:1-22:12
	package
		ADDED from src/main/AndroidManifest.xml:2:70-99
		INJECTED from src/main/AndroidManifest.xml
		INJECTED from src/main/AndroidManifest.xml
	android:versionName
		ADDED from src/main/AndroidManifest.xml:2:124-149
		INJECTED from src/main/AndroidManifest.xml
		INJECTED from src/main/AndroidManifest.xml
	android:versionCode
		ADDED from src/main/AndroidManifest.xml:2:100-123
		INJECTED from src/main/AndroidManifest.xml
		INJECTED from src/main/AndroidManifest.xml
	xmlns:android
		ADDED from src/main/AndroidManifest.xml:2:11-69
uses-sdk
ADDED from src/main/AndroidManifest.xml:4:5-73
MERGED from [com.android.support:support-v4:24.1.1] AndroidManifest.xml:21:5-23:54
	tools:overrideLibrary
		ADDED from [com.android.support:support-v4:24.1.1] AndroidManifest.xml:23:9-51
	android:targetSdkVersion
		ADDED from src/main/AndroidManifest.xml:4:41-70
		INJECTED from src/main/AndroidManifest.xml
		INJECTED from src/main/AndroidManifest.xml
	android:minSdkVersion
		ADDED from src/main/AndroidManifest.xml:4:15-40
		INJECTED from src/main/AndroidManifest.xml
		INJECTED from src/main/AndroidManifest.xml
application
ADDED from src/main/AndroidManifest.xml:6:5-20:19
MERGED from [com.android.support:support-v4:24.1.1] AndroidManifest.xml:25:5-20
	android:label
		ADDED from src/main/AndroidManifest.xml:6:82-114
	android:allowBackup
		ADDED from src/main/AndroidManifest.xml:6:18-44
	android:icon
		ADDED from src/main/AndroidManifest.xml:6:45-81
	android:theme
		ADDED from src/main/AndroidManifest.xml:6:115-146
activity#com.example.quizapp.MainActivity
ADDED from src/main/AndroidManifest.xml:7:9-9:20
	android:screenOrientation
		ADDED from src/main/AndroidManifest.xml:7:67-103
	android:label
		ADDED from src/main/AndroidManifest.xml:7:104-136
	android:name
		ADDED from src/main/AndroidManifest.xml:7:19-66
activity#com.example.quizapp.SplashActivity
ADDED from src/main/AndroidManifest.xml:10:9-16:20
	android:screenOrientation
		ADDED from src/main/AndroidManifest.xml:10:69-105
	android:label
		ADDED from src/main/AndroidManifest.xml:10:106-138
	android:name
		ADDED from src/main/AndroidManifest.xml:10:19-68
intent-filter#android.intent.action.MAIN+android.intent.category.LAUNCHER
ADDED from src/main/AndroidManifest.xml:11:13-15:29
action#android.intent.action.MAIN
ADDED from src/main/AndroidManifest.xml:12:17-69
	android:name
		ADDED from src/main/AndroidManifest.xml:12:25-66
category#android.intent.category.LAUNCHER
ADDED from src/main/AndroidManifest.xml:14:17-77
	android:name
		ADDED from src/main/AndroidManifest.xml:14:27-74
activity#com.example.quizapp.QuizActivity
ADDED from src/main/AndroidManifest.xml:18:9-95
	android:screenOrientation
		ADDED from src/main/AndroidManifest.xml:18:47-83
	android:name
		ADDED from src/main/AndroidManifest.xml:18:19-46
activity#com.example.quizapp.QuizActivity1
ADDED from src/main/AndroidManifest.xml:19:9-96
	android:screenOrientation
		ADDED from src/main/AndroidManifest.xml:19:48-84
	android:name
		ADDED from src/main/AndroidManifest.xml:19:19-47